\BOOKMARK [1][-]{section*.4}{1.\040Einleitung}{}% 1
\BOOKMARK [2][-]{section*.5}{1.1.\040Forschungsfrage}{section*.4}% 2
\BOOKMARK [2][-]{section*.6}{1.2.\040Ziel\040der\040Studie/Analyse}{section*.4}% 3
\BOOKMARK [1][-]{section*.7}{2.\040Methodik}{}% 4
\BOOKMARK [2][-]{section*.8}{2.1.\040Studiendesign}{section*.7}% 5
\BOOKMARK [2][-]{section*.11}{2.2\040Angewandte\040statistische\040Methoden}{section*.7}% 6
\BOOKMARK [1][-]{section*.12}{3.\040Ergebnisse}{}% 7
\BOOKMARK [2][-]{section*.13}{3.1\040Kennzahlen\040der\040Stichprobe}{section*.12}% 8
\BOOKMARK [2][-]{section*.14}{3.2\040explorative\040Statistik}{section*.12}% 9
\BOOKMARK [2][-]{section*.15}{3.3\040deskriptive\040Statistik}{section*.12}% 10
\BOOKMARK [2][-]{section*.16}{3.4\040Inferenzstatistik}{section*.12}% 11
\BOOKMARK [1][-]{section*.20}{4.\040Diskussion}{}% 12
\BOOKMARK [1][-]{section*.21}{5.\040Schlussfolgerungen}{}% 13
\BOOKMARK [1][-]{section*.22}{Digitaler\040Anhang}{}% 14
\BOOKMARK [2][-]{section*.23}{Anhang\0401:\040Verwendeter\040Datensatz}{section*.22}% 15
\BOOKMARK [2][-]{section*.24}{Anhang\0402:\040Fibonacci-Sortierung\040mittels\040R}{section*.22}% 16
\BOOKMARK [2][-]{section*.25}{Anhang 3: Häufigkeitsverteilung Fibonacci-Zahlen mittels R}{section*.22}% 17
\BOOKMARK [2][-]{section*.26}{Anhang\0403:\040Bootstrap\040Lottoziehungen\040&\040Anteilsberechnungen\040Fibonaccizahlen}{section*.22}% 18
\BOOKMARK [2][-]{section*.27}{Anhang\0404:\040Bootstrap-Batch}{section*.22}% 19
\BOOKMARK [2][-]{section*.28}{Anhang\0405:\040Permutation\040Lottoziehungen\040&\040Anteilsberechnungen\040Fibonaccizahlen}{section*.22}% 20
\BOOKMARK [2][-]{section*.29}{Anhang\0406:\040Permutation-Batch}{section*.22}% 21
\BOOKMARK [1][-]{section*.30}{Literaturverzeichnis}{}% 22
